[debug] [2023-06-05T20:36:19.654Z] ----------------------------------------------------------------------
[debug] [2023-06-05T20:36:19.657Z] Command:       C:\Program Files\nodejs\node.exe C:\Users\lvargas\AppData\Roaming\npm\node_modules\firebase-tools\lib\bin\firebase.js login
[debug] [2023-06-05T20:36:19.657Z] CLI Version:   12.3.0
[debug] [2023-06-05T20:36:19.657Z] Platform:      win32
[debug] [2023-06-05T20:36:19.657Z] Node Version:  v20.1.0
[debug] [2023-06-05T20:36:19.658Z] Time:          Mon Jun 05 2023 15:36:19 GMT-0500 (hora estándar de Colombia)
[debug] [2023-06-05T20:36:19.658Z] ----------------------------------------------------------------------
[debug] 
[info] i  Firebase optionally collects CLI and Emulator Suite usage and error reporting information to help improve our products. Data is collected in accordance with Google's privacy policy (https://policies.google.com/privacy) and is not used to identify you.
 
[info] i  To change your data collection preference at any time, run `firebase logout` and log in again. 
[info] 
[info] Visit this URL on this device to log in:
[info] https://accounts.google.com/o/oauth2/auth?client_id=563584335869-fgrhgmd47bqnekij5i8b5pr03ho849e6.apps.googleusercontent.com&scope=email%20openid%20https%3A%2F%2Fwww.googleapis.com%2Fauth%2Fcloudplatformprojects.readonly%20https%3A%2F%2Fwww.googleapis.com%2Fauth%2Ffirebase%20https%3A%2F%2Fwww.googleapis.com%2Fauth%2Fcloud-platform&response_type=code&state=337126011&redirect_uri=http%3A%2F%2Flocalhost%3A9005
[info] 
[info] Waiting for authentication...
[debug] [2023-06-05T20:41:57.987Z] ----------------------------------------------------------------------
[debug] [2023-06-05T20:41:57.989Z] Command:       C:\Program Files\nodejs\node.exe C:\Users\lvargas\AppData\Roaming\npm\node_modules\firebase-tools\lib\bin\firebase.js login
[debug] [2023-06-05T20:41:57.990Z] CLI Version:   12.3.0
[debug] [2023-06-05T20:41:57.990Z] Platform:      win32
[debug] [2023-06-05T20:41:57.990Z] Node Version:  v20.1.0
[debug] [2023-06-05T20:41:57.990Z] Time:          Mon Jun 05 2023 15:41:57 GMT-0500 (hora estándar de Colombia)
[debug] [2023-06-05T20:41:57.990Z] ----------------------------------------------------------------------
[debug] 
[info] i  Firebase optionally collects CLI and Emulator Suite usage and error reporting information to help improve our products. Data is collected in accordance with Google's privacy policy (https://policies.google.com/privacy) and is not used to identify you.
 
[info] 
[info] Visit this URL on this device to log in:
[info] https://accounts.google.com/o/oauth2/auth?client_id=563584335869-fgrhgmd47bqnekij5i8b5pr03ho849e6.apps.googleusercontent.com&scope=email%20openid%20https%3A%2F%2Fwww.googleapis.com%2Fauth%2Fcloudplatformprojects.readonly%20https%3A%2F%2Fwww.googleapis.com%2Fauth%2Ffirebase%20https%3A%2F%2Fwww.googleapis.com%2Fauth%2Fcloud-platform&response_type=code&state=881262313&redirect_uri=http%3A%2F%2Flocalhost%3A9006
[info] 
[info] Waiting for authentication...
